  icode   ic inum1 inum2 inum3   subed  recmonps reccnstps  flow(m^3)   sed(t)      orgn(kg)    orgp(kg)    nitrate(kg) sol.p(kg)   sol.pst(mg) sor.pst(mg)
       1        1        1        0        0        0                         0.1335E+10  0.2194E+09  0.7486E+07  0.3077E+07  0.8215E+05  0.2736E+04  0.0000E+00  0.0000E+00
       1        2        2        0        0        0                         0.9878E+09  0.1123E+09  0.3443E+07  0.1466E+07  0.9881E+05  0.8912E+04  0.0000E+00  0.0000E+00
       1        3        3        0        0        0                         0.9234E+09  0.1420E+09  0.2077E+08  0.4510E+07  0.4480E+06  0.2945E+04  0.0000E+00  0.0000E+00
       1        4        4        0        0        0                         0.1863E+10  0.8132E+09  0.4301E+08  0.9623E+07  0.2085E+07  0.8881E+04  0.0000E+00  0.0000E+00
       1        5        5        0        0        0                         0.4364E+09  0.3113E+08  0.1018E+08  0.2079E+07  0.4239E+06  0.2146E+04  0.0000E+00  0.0000E+00
       1        6        6        0        0        0                         0.1407E+10  0.4163E+08  0.1882E+08  0.3967E+07  0.8544E+06  0.5394E+04  0.0000E+00  0.0000E+00
       1        7        7        0        0        0                         0.1342E+10  0.1700E+09  0.1471E+08  0.3213E+07  0.3796E+06  0.6652E+04  0.0000E+00  0.0000E+00
       1        8        8        0        0        0                         0.7587E+06  0.7770E+04  0.8723E+04  0.1902E+04  0.5318E+03  0.2891E+01  0.0000E+00  0.0000E+00
       1        9        9        0        0        0                         0.1736E+09  0.1858E+08  0.2206E+07  0.4826E+06  0.6246E+05  0.3538E+03  0.0000E+00  0.0000E+00
       1       10       10        0        0        0                         0.3244E+08  0.5191E+07  0.6445E+06  0.1370E+06  0.1168E+05  0.9312E+02  0.0000E+00  0.0000E+00
       1       11       11        0        0        0                         0.5831E+09  0.8067E+08  0.9050E+07  0.1973E+07  0.4662E+06  0.2083E+05  0.0000E+00  0.0000E+00
       1       12       12        0        0        0                         0.8176E+09  0.2359E+09  0.1534E+08  0.3619E+07  0.1397E+06  0.1364E+05  0.0000E+00  0.0000E+00
       1       13       13        0        0        0                         0.6369E+09  0.1965E+09  0.1971E+08  0.5374E+07  0.1042E+06  0.2447E+04  0.0000E+00  0.0000E+00
       1       14       14        0        0        0                         0.9305E+07  0.4896E+06  0.2261E+06  0.6146E+05  0.1058E+04  0.6797E+02  0.0000E+00  0.0000E+00
       1       15       15        0        0        0                         0.3468E+09  0.1254E+09  0.1222E+08  0.3712E+07  0.1420E+06  0.4887E+04  0.0000E+00  0.0000E+00
       1       16       16        0        0        0                         0.1466E+09  0.9593E+08  0.1144E+08  0.2570E+07  0.5085E+05  0.5244E+03  0.0000E+00  0.0000E+00
       1       17       17        0        0        0                         0.3948E+09  0.9825E+08  0.1515E+08  0.4038E+07  0.7291E+05  0.1823E+04  0.0000E+00  0.0000E+00
       1       18       18        0        0        0                         0.1793E+10  0.1154E+09  0.3058E+08  0.6375E+07  0.1374E+07  0.2416E+05  0.0000E+00  0.0000E+00
       1       19       19        0        0        0                         0.1428E+09  0.7252E+08  0.4488E+07  0.1170E+07  0.2763E+05  0.4676E+03  0.0000E+00  0.0000E+00
       1       20       20        0        0        0                         0.1105E+10  0.1502E+09  0.5135E+08  0.1072E+08  0.1599E+07  0.5810E+04  0.0000E+00  0.0000E+00
       1       21       21        0        0        0                         0.1914E+09  0.1506E+09  0.1154E+08  0.2542E+07  0.1300E+06  0.5027E+03  0.0000E+00  0.0000E+00
       1       22       22        0        0        0                         0.1472E+10  0.4105E+08  0.3535E+08  0.7656E+07  0.1135E+07  0.7715E+04  0.0000E+00  0.0000E+00
       1       23       23        0        0        0                         0.2493E+09  0.1796E+09  0.1739E+08  0.4251E+07  0.1806E+06  0.8030E+03  0.0000E+00  0.0000E+00
       2       24        1        1        1        0                         0.1326E+10  0.2194E+09  0.7300E+07  0.2944E+07  0.7513E+05  0.8189E+04  0.0000E+00  0.0000E+00
       2       25        2        2        2        0                         0.9830E+09  0.1123E+09  0.3393E+07  0.1429E+07  0.9428E+05  0.1797E+05  0.0000E+00  0.0000E+00
       2       26        3        3        3        0                         0.9144E+09  0.1420E+09  0.2036E+08  0.4362E+07  0.4310E+06  0.8825E+04  0.0000E+00  0.0000E+00
       2       27        4        4        4        0                         0.1849E+10  0.8132E+09  0.4178E+08  0.9153E+07  0.2031E+07  0.2363E+05  0.0000E+00  0.0000E+00
       2       28        6        6        6        0                         0.1403E+10  0.4163E+08  0.1861E+08  0.3897E+07  0.8451E+06  0.1585E+05  0.0000E+00  0.0000E+00
       2       29        7        7        7        0                         0.1339E+10  0.1700E+09  0.1465E+08  0.3189E+07  0.3737E+06  0.1422E+05  0.0000E+00  0.0000E+00
       2       30       11       11       11        0                         0.5818E+09  0.8067E+08  0.9015E+07  0.1960E+07  0.4622E+06  0.2574E+05  0.0000E+00  0.0000E+00
       2       31       12       12       12        0                         0.8113E+09  0.2359E+09  0.1510E+08  0.3526E+07  0.1237E+06  0.2619E+05  0.0000E+00  0.0000E+00
       2       32       15       15       15        0                         0.3369E+09  0.1254E+09  0.1182E+08  0.3505E+07  0.9510E+05  0.1456E+05  0.0000E+00  0.0000E+00
       2       33       16       16       16        0                         0.1447E+09  0.9593E+08  0.1134E+08  0.2535E+07  0.4231E+05  0.1571E+04  0.0000E+00  0.0000E+00
       2       34       21       21       21        0                         0.1905E+09  0.1506E+09  0.1149E+08  0.2525E+07  0.1249E+06  0.1197E+04  0.0000E+00  0.0000E+00
       2       35       23       23       23        0                         0.2426E+09  0.1796E+09  0.1706E+08  0.4118E+07  0.1504E+06  0.2401E+04  0.0000E+00  0.0000E+00
       5       36       13       24        0        0                         0.1963E+10  0.4159E+09  0.2701E+08  0.8318E+07  0.1793E+06  0.1064E+05  0.0000E+00  0.0000E+00
       5       37       36       25        0        0                         0.2946E+10  0.5281E+09  0.3041E+08  0.9748E+07  0.2736E+06  0.2860E+05  0.0000E+00  0.0000E+00
       2       38       13       37       13        0                         0.2929E+10  0.6968E+06  0.2968E+08  0.9345E+07  0.2444E+06  0.8075E+05  0.0000E+00  0.0000E+00
       5       39        8       28        0        0                         0.1403E+10  0.4164E+08  0.1862E+08  0.3899E+07  0.8456E+06  0.1585E+05  0.0000E+00  0.0000E+00
       5       40       39       29        0        0                         0.2742E+10  0.2116E+09  0.3327E+08  0.7088E+07  0.1219E+07  0.3007E+05  0.0000E+00  0.0000E+00
       2       41        8       40        8        0                         0.2742E+10  0.6375E+06  0.3326E+08  0.7084E+07  0.1219E+07  0.3286E+05  0.0000E+00  0.0000E+00
       5       42        5       26        0        0                         0.1351E+10  0.1732E+09  0.3053E+08  0.6442E+07  0.8549E+06  0.1097E+05  0.0000E+00  0.0000E+00
       5       43       42       27        0        0                         0.3200E+10  0.9864E+09  0.7231E+08  0.1560E+08  0.2886E+07  0.3460E+05  0.0000E+00  0.0000E+00
       2       44        5       43        5        0                         0.3191E+10  0.8165E+06  0.7149E+08  0.1532E+08  0.2875E+07  0.7788E+05  0.0000E+00  0.0000E+00
       5       45       14       38        0        0                         0.2938E+10  0.1186E+07  0.2990E+08  0.9407E+07  0.2455E+06  0.8081E+05  0.0000E+00  0.0000E+00
       5       46       45       32        0        0                         0.3275E+10  0.1266E+09  0.4172E+08  0.1291E+08  0.3406E+06  0.9537E+05  0.0000E+00  0.0000E+00
       2       47       14       46       14        0                         0.3274E+10  0.7275E+06  0.4164E+08  0.1287E+08  0.3396E+06  0.1309E+06  0.0000E+00  0.0000E+00
       5       48        9       44        0        0                         0.3365E+10  0.1940E+08  0.7370E+08  0.1580E+08  0.2938E+07  0.7824E+05  0.0000E+00  0.0000E+00
       5       49       48       31        0        0                         0.4176E+10  0.2553E+09  0.8880E+08  0.1933E+08  0.3061E+07  0.1044E+06  0.0000E+00  0.0000E+00
       2       50        9       49        9        0                         0.4171E+10  0.1068E+07  0.8821E+08  0.1914E+08  0.3055E+07  0.1969E+06  0.0000E+00  0.0000E+00
       5       51       17       47        0        0                         0.3669E+10  0.9898E+08  0.5679E+08  0.1691E+08  0.4125E+06  0.1328E+06  0.0000E+00  0.0000E+00
       5       52       51       33        0        0                         0.3813E+10  0.1949E+09  0.6813E+08  0.1944E+08  0.4548E+06  0.1343E+06  0.0000E+00  0.0000E+00
       2       53       17       52       17        0                         0.3783E+10  0.8694E+06  0.6599E+08  0.1841E+08  0.4167E+06  0.3893E+06  0.0000E+00  0.0000E+00
       5       54       10       41        0        0                         0.2775E+10  0.5828E+07  0.3390E+08  0.7221E+07  0.1231E+07  0.3296E+05  0.0000E+00  0.0000E+00
       5       55       54       50        0        0                         0.6945E+10  0.6897E+07  0.1221E+09  0.2636E+08  0.4286E+07  0.2299E+06  0.0000E+00  0.0000E+00
       2       56       10       55       10        0                         0.6941E+10  0.2037E+07  0.1218E+09  0.2624E+08  0.4280E+07  0.3176E+06  0.0000E+00  0.0000E+00
       5       57       19       53        0        0                         0.3926E+10  0.7339E+08  0.7048E+08  0.1958E+08  0.4444E+06  0.3897E+06  0.0000E+00  0.0000E+00
       5       58       57       35        0        0                         0.4169E+10  0.2530E+09  0.8754E+08  0.2370E+08  0.5947E+06  0.3922E+06  0.0000E+00  0.0000E+00
       2       59       19       58       19        0                         0.4156E+10  0.1108E+07  0.8660E+08  0.2329E+08  0.5866E+06  0.7238E+06  0.0000E+00  0.0000E+00
       5       60       18       56        0        0                         0.8734E+10  0.1174E+09  0.1523E+09  0.3262E+08  0.5654E+07  0.3417E+06  0.0000E+00  0.0000E+00
       5       61       60       30        0        0                         0.9316E+10  0.1981E+09  0.1614E+09  0.3458E+08  0.6117E+07  0.3674E+06  0.0000E+00  0.0000E+00
       2       62       18       61       18        0                         0.9271E+10  0.2892E+07  0.1568E+09  0.3303E+08  0.6008E+07  0.1006E+07  0.0000E+00  0.0000E+00
       5       63       20       59        0        0                         0.5261E+10  0.1513E+09  0.1380E+09  0.3401E+08  0.2186E+07  0.7296E+06  0.0000E+00  0.0000E+00
       5       64       63       34        0        0                         0.5451E+10  0.3019E+09  0.1494E+09  0.3654E+08  0.2311E+07  0.7308E+06  0.0000E+00  0.0000E+00
       2       65       20       64       20        0                         0.5379E+10  0.1666E+07  0.1441E+09  0.3441E+08  0.2141E+07  0.1947E+07  0.0000E+00  0.0000E+00
       5       66       22       62        0        0                         0.1074E+11  0.4394E+08  0.1921E+09  0.4068E+08  0.7143E+07  0.1013E+07  0.0000E+00  0.0000E+00
       5       67       66       65        0        0                         0.1612E+11  0.4561E+08  0.3362E+09  0.7509E+08  0.9285E+07  0.2961E+07  0.0000E+00  0.0000E+00
       2       68       22       67       22        0                         0.1604E+11  0.4566E+07  0.3273E+09  0.7206E+08  0.9155E+07  0.5075E+07  0.0000E+00  0.0000E+00
      14       68        1        0        0        0                         0.1604E+11  0.4566E+07  0.3273E+09  0.7206E+08  0.9155E+07  0.5075E+07  0.0000E+00  0.0000E+00
